android/app/build/intermediates/manifest_merge_blame_file/debug/manifest-merger-blame-debug-report.txt
1<?xml version="1.0" encoding="utf-8"?>
2<manifest xmlns:android="http://schemas.android.com/apk/res/android"
3    package="com.caixiaomiao.app"
4    android:versionCode="1"
5    android:versionName="1.0" >
6
7    <uses-sdk
8        android:minSdkVersion="24"
9        android:targetSdkVersion="33" />
10
11    <!-- NO internet permission by design: the app is fully offline and privacy-first. -->
12    <application
12-->src/main/AndroidManifest.xml:6:5-27:19
13        android:allowBackup="true"
13-->src/main/AndroidManifest.xml:7:9-35
14        android:debuggable="true"
15        android:extractNativeLibs="false"
16        android:hardwareAccelerated="true"
16-->src/main/AndroidManifest.xml:12:9-43
17        android:icon="@mipmap/ic_launcher"
17-->src/main/AndroidManifest.xml:8:9-43
18        android:label="@string/app_name"
18-->src/main/AndroidManifest.xml:10:9-41
19        android:roundIcon="@mipmap/ic_launcher_round"
19-->src/main/AndroidManifest.xml:9:9-54
20        android:supportsRtl="true"
20-->src/main/AndroidManifest.xml:11:9-35
21        android:theme="@style/Theme.CaiXiaoMiao"
21-->src/main/AndroidManifest.xml:14:9-49
22        android:usesCleartextTraffic="false" >
22-->src/main/AndroidManifest.xml:13:9-45
23        <activity
23-->src/main/AndroidManifest.xml:16:9-26:20
24            android:name="com.caixiaomiao.app.MainActivity"
24-->src/main/AndroidManifest.xml:17:13-41
25            android:configChanges="orientation|screenSize|keyboardHidden"
25-->src/main/AndroidManifest.xml:20:13-74
26            android:exported="true"
26-->src/main/AndroidManifest.xml:18:13-36
27            android:screenOrientation="portrait"
27-->src/main/AndroidManifest.xml:19:13-49
28            android:windowSoftInputMode="adjustResize" >
28-->src/main/AndroidManifest.xml:21:13-55
29            <intent-filter>
29-->src/main/AndroidManifest.xml:22:13-25:29
30                <action android:name="android.intent.action.MAIN" />
30-->src/main/AndroidManifest.xml:23:17-69
30-->src/main/AndroidManifest.xml:23:25-66
31
32                <category android:name="android.intent.category.LAUNCHER" />
32-->src/main/AndroidManifest.xml:24:17-77
32-->src/main/AndroidManifest.xml:24:27-74
33            </intent-filter>
34        </activity>
35    </application>
36
37</manifest>